<?xml version="1.0" encoding="UTF-8"?>
<!-- Generated by org.testng.reporters.JUnitReportReporter -->
<testsuite hostname="bharat" failures="0" tests="3" name="test.Textbox_Test" time="14.830" errors="0" timestamp="2021-05-06T22:08:07 IST" skipped="0">
  <testcase classname="test.Textbox_Test" name="clickOnElements" time="3.106"/>
  <system-out/>
  <testcase classname="test.Textbox_Test" name="clickOnTextbox" time="1.401"/>
  <system-out/>
  <testcase classname="test.Textbox_Test" name="filltextbox" time="10.323"/>
  <system-out/>
</testsuite> <!-- test.Textbox_Test -->
