<?xml version="1.0" encoding="UTF-8"?>
<!-- Generated by org.testng.reporters.JUnitReportReporter -->
<testsuite hostname="bharat" failures="0" tests="2" name="test.Login_ToolsQA_Test" time="15.360" errors="0" timestamp="2021-05-11T17:14:20 IST" skipped="0">
  <testcase classname="test.Login_ToolsQA_Test" name="getLaunch_ToolsQA" time="7.312"/>
  <system-out/>
  <testcase classname="test.Login_ToolsQA_Test" name="clickOnDemosite" time="8.048"/>
  <system-out/>
</testsuite> <!-- test.Login_ToolsQA_Test -->
