<?xml version="1.0" encoding="UTF-8"?>
<!-- Generated by org.testng.reporters.JUnitReportReporter -->
<testsuite hostname="bharat" failures="0" tests="1" name="test.FormFillup_Test" time="20.204" errors="0" timestamp="2021-05-09T20:10:11 IST" skipped="0">
  <testcase classname="test.FormFillup_Test" name="formFillup" time="20.204"/>
  <system-out/>
</testsuite> <!-- test.FormFillup_Test -->
